Processing event2013.input
View: Month
+-----------------------+
| month                 |
+-----------------------+
| January:(0,7)         |
| January:(150,157)     |
| February:(299,307)    |
| February:(472,480)    |
| February:(838,846)    |
| February:(1107,1115)  |
| March:(1269,1274)     |
| March:(1506,1511)     |
| March:(1718,1723)     |
| March:(2038,2043)     |
| April:(2157,2162)     |
| April:(2294,2299)     |
| April:(2460,2465)     |
| May:(2767,2770)       |
| June:(2975,2979)      |
| July:(3180,3184)      |
| July:(3245,3249)      |
| August:(3382,3388)    |
| August:(3647,3653)    |
| September:(3736,3745) |
| October:(3880,3887)   |
| October:(4099,4106)   |
| December:(4275,4283)  |
| November:(4288,4296)  |
| November:(4396,4404)  |
| November:(4568,4576)  |
| November:(4802,4810)  |
| November:(5017,5025)  |
| December:(5121,5129)  |
| December:(5280,5288)  |
| December:(5460,5468)  |
+-----------------------+
31 rows in set

View: Number
+-----------------------+
| number                |
+-----------------------+
| 11:(8,10)             |
| 16-20:(158,163)       |
| 12:(308,310)          |
| 15:(481,483)          |
| 1:(551,552)           |
| 491:(553,556)         |
| 4:(582,583)           |
| 300:(584,587)         |
| 21:(847,849)          |
| 3:(878,879)           |
| 28:(1116,1118)        |
| 1415:(1200,1204)      |
| 1294:(1262,1266)      |
| 13:(1275,1277)        |
| 266:(1339,1342)       |
| 24:(1512,1514)        |
| 2012-2013:(1517,1526) |
| 25:(1724,1726)        |
| 10:(1761,1763)        |
| 27:(2044,2046)        |
| 2:(2163,2164)         |
| 15:(2300,2302)        |
| 3:(2432,2433)         |
| 264:(2447,2450)       |
| 24:(2466,2468)        |
| 1:(2581,2582)         |
| 129:(2583,2586)       |
| 2:(2596,2597)         |
| 500:(2598,2601)       |
| 15:(2771,2773)        |
| 6:(2980,2981)         |
| 1:(3185,3186)         |
| 28:(3209,3211)        |
| 3:(3250,3251)         |
| 14:(3389,3391)        |
| 2:(3494,3495)         |
| 600:(3496,3499)       |
| 21:(3654,3656)        |
| 1:(3659,3660)         |
| 429:(3661,3664)       |
| 21:(3746,3748)        |
| 62:(3843,3845)        |
| 170:(3874,3877)       |
| 10:(3888,3890)        |
| 140:(3913,3916)       |
| 18:(4107,4109)        |
| 6:(4284,4285)         |
| 5:(4297,4298)         |
| 8:(4405,4406)         |
| 6:(4555,4556)         |
| 241:(4557,4560)       |
| 12:(4577,4579)        |
| 142:(4702,4705)       |
| 4:(4706,4707)         |
| 21:(4811,4813)        |
| 24:(5026,5028)        |
| 7:(5130,5131)         |
| 14:(5289,5291)        |
| 3:(5321,5322)         |
| 1976:(5411,5415)      |
| 15:(5469,5471)        |
+-----------------------+
61 rows in set

View: Date
+--------------------------+--------------------------+
| date                     | dateParen                |
+--------------------------+--------------------------+
| January 11:(0,10)        | January 11:(0,10)        |
| January 16-20:(150,163)  | January 16-20:(150,163)  |
| February 12:(299,310)    | February 12:(299,310)    |
| February 15:(472,483)    | February 15:(472,483)    |
| February 21:(838,849)    | February 21:(838,849)    |
| February 28:(1107,1118)  | February 28:(1107,1118)  |
| March 13:(1269,1277)     | March 13:(1269,1277)     |
| March 24:(1506,1514)     | March 24:(1506,1514)     |
| March 25:(1718,1726)     | March 25:(1718,1726)     |
| March 27:(2038,2046)     | March 27:(2038,2046)     |
| April 2:(2157,2164)      | April 2:(2157,2164)      |
| April 15:(2294,2302)     | April 15:(2294,2302)     |
| April 24:(2460,2468)     | April 24:(2460,2468)     |
| May 15:(2767,2773)       | May 15:(2767,2773)       |
| June 6:(2975,2981)       | June 6:(2975,2981)       |
| July 1:(3180,3186)       | July 1:(3180,3186)       |
| July 3:(3245,3251)       | July 3:(3245,3251)       |
| August 14:(3382,3391)    | August 14:(3382,3391)    |
| August 21:(3647,3656)    | August 21:(3647,3656)    |
| September 21:(3736,3748) | September 21:(3736,3748) |
| October 10:(3880,3890)   | October 10:(3880,3890)   |
| October 18:(4099,4109)   | October 18:(4099,4109)   |
| December 6:(4275,4285)   | December 6:(4275,4285)   |
| November 5:(4288,4298)   | November 5:(4288,4298)   |
| November 8:(4396,4406)   | November 8:(4396,4406)   |
| November 12:(4568,4579)  | November 12:(4568,4579)  |
| November 21:(4802,4813)  | November 21:(4802,4813)  |
| November 24:(5017,5028)  | November 24:(5017,5028)  |
| December 7:(5121,5131)   | December 7:(5121,5131)   |
| December 14:(5280,5291)  | December 14:(5280,5291)  |
| December 15:(5460,5471)  | December 15:(5460,5471)  |
+--------------------------+--------------------------+
31 rows in set

View: Content
+----------------------------+
| content                    |
+----------------------------+
|  - The :(10,17)            |
|  - Thirty-nine :(163,178)  |
|  - North :(310,319)        |
|  - A :(483,488)            |
|  - American :(849,861)     |
|  - Benedict :(1118,1130)   |
|  - Cardinal :(1277,1289)   |
|  - 2012-2013 :(1514,1527)  |
|  - The :(1726,1733)        |
|  - Canada :(2046,2056)     |
|  - The :(2164,2171)        |
|  - Two :(2302,2309)        |
|  - An :(2468,2474)         |
|  - In :(2773,2779)         |
|  - American :(2981,2993)   |
|  - Croatia :(3186,3197)    |
|  - Amid :(3251,3259)       |
|  - Following :(3391,3404)  |
|  - 1,429 :(3656,3665)      |
|  - al-Shabaab :(3748,3762) |
|  - Delegates :(3890,3903)  |
|  - Saudi :(4109,4118)      |
|  - Mangalyaan :(4298,4312) |
|  - Typhoon :(4406,4417)    |
|  - Three :(4579,4588)      |
|  - Euromaidan :(4813,4827) |
|  - Iran :(5028,5036)       |
|  - Ninth :(5131,5140)      |
|  - Chinese :(5291,5302)    |
|  - Fighting :(5471,5483)   |
+----------------------------+
30 rows in set

View: Event
+----------------------------------------+
| event                                  |
+----------------------------------------+
| January 11 - The :(0,17)               |
| January 16-20 - Thirty-nine :(150,178) |
| February 12 - North :(299,319)         |
| February 15 - A :(472,488)             |
| February 21 - American :(838,861)      |
| February 28 - Benedict :(1107,1130)    |
| March 13 - Cardinal :(1269,1289)       |
| March 24 - 2012-2013 :(1506,1527)      |
| March 25 - The :(1718,1733)            |
| March 27 - Canada :(2038,2056)         |
| April 2 - The :(2157,2171)             |
| April 15 - Two :(2294,2309)            |
| April 24 - An :(2460,2474)             |
| May 15 - In :(2767,2779)               |
| June 6 - American :(2975,2993)         |
| July 1 - Croatia :(3180,3197)          |
| July 3 - Amid :(3245,3259)             |
| August 14 - Following :(3382,3404)     |
| August 21 - 1,429 :(3647,3665)         |
| September 21 - al-Shabaab :(3736,3762) |
| October 10 - Delegates :(3880,3903)    |
| October 18 - Saudi :(4099,4118)        |
| November 5 - Mangalyaan :(4288,4312)   |
| November 8 - Typhoon :(4396,4417)      |
| November 12 - Three :(4568,4588)       |
| November 21 - Euromaidan :(4802,4827)  |
| November 24 - Iran :(5017,5036)        |
| December 7 - Ninth :(5121,5140)        |
| December 14 - Chinese :(5280,5302)     |
| December 15 - Fighting :(5460,5483)    |
+----------------------------------------+
30 rows in set

