Processing ds3.input
View: Age
+-------------------------+
| age                     |
+-------------------------+
| 17-year-old:(203,214)   |
| 17-year-old:(2333,2344) |
+-------------------------+
2 rows in set

View: Name
+--------------------------+
| name                     |
+--------------------------+
| Students:(0,8)           |
| China:(14,19)            |
| United:(57,63)           |
| States:(64,70)           |
| And:(86,89)              |
| American:(102,110)       |
| U:(152,153)              |
| S:(154,155)              |
| Chinese:(172,179)        |
| Grace:(216,221)          |
| Liu:(222,225)            |
| Chinese:(249,256)        |
| American:(269,277)       |
| She:(292,295)            |
| Tianjin:(307,314)        |
| China:(347,352)          |
| This:(367,371)           |
| Southeastern:(431,443)   |
| United:(444,450)         |
| States:(451,457)         |
| Grace:(462,467)          |
| Rabun:(476,481)          |
| Gap:(482,485)            |
| Nacoochee:(486,495)      |
| Rabun:(506,511)          |
| Gap:(512,515)            |
| State:(542,547)          |
| Georgia:(551,558)        |
| She:(560,563)            |
| The:(609,612)            |
| The:(711,714)            |
| Liu:(789,792)            |
| Anthony:(797,804)        |
| Sgro:(805,809)           |
| Rabun:(820,825)          |
| Gap:(826,829)            |
| School:(830,836)         |
| He:(838,840)             |
| Chinese:(846,853)        |
| First:(924,929)          |
| United:(961,967)         |
| States:(968,974)         |
| And:(985,988)            |
| Sgro:(1078,1082)         |
| Many:(1087,1091)         |
| China:(1117,1122)        |
| America:(1235,1242)      |
| Attending:(1278,1287)    |
| China:(1304,1309)        |
| China:(1378,1383)        |
| Memorization:(1385,1397) |
| This:(1423,1427)         |
| It:(1495,1497)           |
| In:(1567,1569)           |
| Chinese:(1580,1587)      |
| U:(1604,1605)            |
| S:(1606,1607)            |
| Chinese:(1625,1632)      |
| Gaokao:(1645,1651)       |
| It:(1653,1655)           |
| Many:(1719,1723)         |
| Anthony:(1792,1799)      |
| Sgro:(1800,1804)         |
| Rabun:(1818,1823)        |
| Chinese:(1876,1883)      |
| That:(1898,1902)         |
| Chinese:(1929,1936)      |
| Why:(1971,1974)          |
| And:(2006,2009)          |
| Sgro:(2159,2163)         |
| Mr:(2168,2170)           |
| Sgro:(2172,2176)         |
| China:(2213,2218)        |
| He:(2272,2274)           |
| Yvette:(2346,2352)       |
| Yang:(2353,2357)         |
| Chinese:(2376,2383)      |
| The:(2425,2428)          |
| United:(2490,2496)       |
| States:(2497,2503)       |
| American:(2579,2587)     |
+--------------------------+
81 rows in set

View: AgeOfPerson
+-------------------------+---------------------------------+--------------------+
| age                     | ageOfPerson                     | person             |
+-------------------------+---------------------------------+--------------------+
| 17-year-old:(203,214)   | 17-year-old, Grace:(203,221)    | Grace:(216,221)    |
| 17-year-old:(2333,2344) | 17-year-old, Yvette:(2333,2352) | Yvette:(2346,2352) |
+-------------------------+---------------------------------+--------------------+
2 rows in set

