Processing economy.input
View: per
+-------------------------+
| percent                 |
+-------------------------+
| 7.5 percent:(173,184)   |
| 10 percent:(229,239)    |
| 7 percent:(2613,2622)   |
| 7 percent:(3121,3130)   |
| 7.1 percent:(3178,3189) |
| 6.9 percent:(3205,3216) |
+-------------------------+
6 rows in set

View: yr
+------------------+
| year             |
+------------------+
| 2014:(52,56)     |
| 2008:(1071,1075) |
| 2015:(2013,2017) |
| 2015:(2549,2553) |
| 2014:(2662,2666) |
| 2015:(3193,3197) |
| 2017:(3220,3224) |
+------------------+
7 rows in set

View: Key
+----------------------+
| key                  |
+----------------------+
| expanded:(86,94)     |
| target:(157,163)     |
| annual:(240,246)     |
| expected:(754,762)   |
| target:(1855,1861)   |
| target:(2537,2543)   |
| target:(2595,2601)   |
| target:(2683,2689)   |
| target:(2939,2945)   |
| expected:(2963,2971) |
| target:(3103,3109)   |
| expected:(3152,3160) |
| annual:(3461,3467)   |
+----------------------+
13 rows in set

View: GDP1
+-------------------------+----------------------+
| GDP                     | key                  |
+-------------------------+----------------------+
| 7.5 percent:(173,184)   | target:(157,163)     |
| 7 percent:(2613,2622)   | target:(2595,2601)   |
| 7 percent:(3121,3130)   | target:(3103,3109)   |
| 7.1 percent:(3178,3189) | expected:(3152,3160) |
+-------------------------+----------------------+
4 rows in set

View: GDP2
+-----------------------+----------------------+
| GDP                   | key                  |
+-----------------------+----------------------+
| 10 percent:(229,239)  | annual:(240,246)     |
| 7 percent:(3121,3130) | expected:(3152,3160) |
+-----------------------+----------------------+
2 rows in set

View: GDP3
+-------------------------+------------------+
| GDP                     | year             |
+-------------------------+------------------+
| 7.1 percent:(3178,3189) | 2015:(3193,3197) |
| 6.9 percent:(3205,3216) | 2017:(3220,3224) |
+-------------------------+------------------+
2 rows in set

