Processing event2014.input
View: Month
+-----------------------+
| month                 |
+-----------------------+
| January:(0,7)         |
| February:(108,116)    |
| February:(182,190)    |
| February:(307,315)    |
| February:(517,525)    |
| March:(680,685)       |
| March:(870,875)       |
| March:(1099,1104)     |
| March:(1157,1162)     |
| March:(1280,1285)     |
| March:(1442,1447)     |
| March:(1633,1638)     |
| April:(1812,1817)     |
| April:(2182,2187)     |
| April:(2283,2288)     |
| April:(2420,2425)     |
| April:(2512,2517)     |
| May:(2696,2699)       |
| May:(2838,2841)       |
| May:(2913,2916)       |
| June:(3072,3076)      |
| June:(3356,3360)      |
| June:(3433,3437)      |
| July:(3553,3557)      |
| June:(3675,3679)      |
| July:(3733,3737)      |
| July:(3967,3971)      |
| July:(4081,4085)      |
| July:(4234,4238)      |
| July:(4365,4369)      |
| August:(4450,4456)    |
| August:(4622,4628)    |
| September:(4739,4748) |
| September:(4840,4849) |
| October:(4941,4948)   |
| October:(5118,5125)   |
| October:(5182,5189)   |
| November:(5336,5344)  |
| November:(5562,5570)  |
| December:(5722,5730)  |
| December:(5837,5845)  |
+-----------------------+
41 rows in set

View: Number
+------------------+
| number           |
+------------------+
| 1:(8,9)          |
| 18:(78,80)       |
| 7-23:(117,121)   |
| 13:(191,193)     |
| 22:(316,318)     |
| 100:(482,485)    |
| 26:(526,528)     |
| 5:(686,687)      |
| 8:(876,877)      |
| 370:(905,908)    |
| 777:(919,922)    |
| 239:(1013,1016)  |
| 16:(1105,1107)   |
| 21:(1163,1165)   |
| 24:(1286,1288)   |
| 8:(1438,1439)    |
| 27:(1448,1450)   |
| 68:(1507,1509)   |
| 262:(1510,1513)  |
| 2014:(1607,1611) |
| 31:(1639,1641)   |
| 10:(1818,1820)   |
| 2014:(1842,1846) |
| 14:(2188,2190)   |
| 276:(2206,2209)  |
| 16:(2289,2291)   |
| 304:(2378,2381)  |
| 27:(2426,2428)   |
| 28:(2518,2520)   |
| 5:(2700,2701)    |
| 10:(2785,2787)   |
| 20:(2842,2844)   |
| 118:(2900,2903)  |
| 22:(2917,2919)   |
| 5:(3077,3078)    |
| 12:(3361,3363)   |
| 2014:(3370,3374) |
| 19:(3438,3440)   |
| 8:(3558,3559)    |
| 7:(3898,3899)    |
| 2:(3919,3920)    |
| 100:(3921,3924)  |
| 71:(3942,3944)   |
| 17:(3972,3974)   |
| 17:(4086,4088)   |
| 17:(4116,4118)   |
| 777:(4129,4132)  |
| 298:(4201,4204)  |
| 21:(4239,4241)   |
| 2166:(4298,4302) |
| 17:(4360,4362)   |
| 24:(4370,4372)   |
| 5017:(4394,4398) |
| 116:(4428,4431)  |
| 7:(4457,4458)    |
| 8:(4629,4630)    |
| 22:(4749,4751)   |
| 26:(4850,4852)   |
| 2014:(4859,4863) |
| 13:(4932,4934)   |
| 15:(4938,4940)   |
| 14:(5049,5051)   |
| 19:(5126,5128)   |
| 31:(5190,5192)   |
| 2:(5345,5346)    |
| 2:(5558,5559)    |
| 12:(5571,5573)   |
| 67:(5642,5644)   |
| 17:(5731,5733)   |
| 28:(5846,5848)   |
| 8501:(5876,5880) |
| 162:(5983,5986)  |
|  :(6003,6004)    |
+------------------+
