Processing event2012.input
View: Month
+-----------------------+
| month                 |
+-----------------------+
| January:(0,7)         |
| February:(159,167)    |
| February:(400,408)    |
| January:(543,550)     |
| February:(553,561)    |
| February:(685,693)    |
| March:(844,849)       |
| March:(1000,1005)     |
| March:(1117,1122)     |
| April:(1252,1257)     |
| April:(1374,1379)     |
| April:(1639,1644)     |
| April:(1977,1982)     |
| May:(2156,2159)       |
| May:(2346,2349)       |
| May:(2411,2414)       |
| June:(2528,2532)      |
| June:(2656,2660)      |
| June:(2920,2924)      |
| July:(3084,3088)      |
| July:(3237,3241)      |
| July:(3318,3322)      |
| August:(3441,3447)    |
| August:(3537,3543)    |
| September:(3926,3935) |
| September:(4146,4155) |
| October:(4534,4541)   |
| October:(4821,4828)   |
| October:(4929,4936)   |
| November:(5143,5151)  |
| November:(5618,5626)  |
| November:(5810,5818)  |
| December:(5920,5928)  |
+-----------------------+
33 rows in set

View: Number
+-------------------+
| number            |
+-------------------+
| 23:(8,10)         |
| 6:(168,169)       |
| 60:(224,226)      |
| 60:(340,342)      |
| 19:(409,411)      |
| 21:(562,564)      |
| 130:(657,660)     |
| 27:(694,696)      |
| 4:(850,851)       |
| 250:(982,985)     |
| 13:(1006,1008)    |
| 244:(1017,1020)   |
| 22:(1123,1125)    |
| 6:(1258,1259)     |
| 12:(1380,1382)    |
| 13:(1645,1647)    |
| 3:(1665,1666)     |
| 15:(1869,1871)    |
| 26:(1983,1985)    |
| 11:(2048,2050)    |
| 2:(2160,2161)     |
| 120:(2248,2251)   |
| 12:(2350,2352)    |
| 2012:(2359,2363)  |
| 22:(2415,2417)    |
| 634:(2485,2488)   |
| 5-6:(2533,2536)   |
| 2117:(2640,2644)  |
| 2125:(2649,2653)  |
| 18:(2661,2663)    |
| 9:(2675,2676)     |
| 1:(2812,2813)     |
| 24:(2925,2927)    |
| 4:(3089,3090)     |
| 27:(3242,3244)    |
| 2012:(3251,3255)  |
| 30-31:(3323,3328) |
| 2012:(3379,3383)  |
| 620:(3406,3409)   |
| 6:(3448,3449)     |
| 31:(3544,3546)    |
| 24:(3643,3645)    |
| 2004:(3854,3858)  |
| 7:(3936,3937)     |
| 11-27:(4156,4161) |
| 14:(4542,4544)    |
| 24:(4748,4750)    |
| 39:(4758,4760)    |
| 16:(4829,4831)    |
| 25:(4857,4859)    |
| 24-30:(4937,4942) |
| 209:(4976,4979)   |
| 14-21:(5152,5157) |
| 140:(5314,5317)   |
| 25:(5627,5629)    |
| 1:(5699,5700)     |
| 067:(5701,5704)   |
| 838:(5717,5720)   |
| 29:(5819,5821)    |
| 8:(5929,5930)     |
| 2020:(6018,6022)  |
+-------------------+
61 rows in set

View: Date
+-----------------------------+
| date                        |
+-----------------------------+
| January 23:(0,10)           |
| February 6:(159,169)        |
| February 19:(400,411)       |
| February 21:(553,564)       |
| February 27:(685,696)       |
| March 4:(844,851)           |
| March 13:(1000,1008)        |
| March 22:(1117,1125)        |
| April 6:(1252,1259)         |
| April 12:(1374,1382)        |
| April 13:(1639,1647)        |
| April 26:(1977,1985)        |
| May 2:(2156,2161)           |
| May 12:(2346,2352)          |
| May 22:(2411,2417)          |
| June 5-6:(2528,2536)        |
| June 18:(2656,2663)         |
| June 24:(2920,2927)         |
| July 4:(3084,3090)          |
| July 27:(3237,3244)         |
| July 30-31:(3318,3328)      |
| August 6:(3441,3449)        |
| August 31:(3537,3546)       |
| September 7:(3926,3937)     |
| September 11-27:(4146,4161) |
| October 14:(4534,4544)      |
| October 16:(4821,4831)      |
| October 24-30:(4929,4942)   |
| November 14-21:(5143,5157)  |
| November 25:(5618,5629)     |
| November 29:(5810,5821)     |
| December 8:(5920,5930)      |
+-----------------------------+
32 rows in set

View: Sentence
+---------------------------------------------------------------------------------------------------------------------------------------------------------------------------------------------------------------------------------------------------------------------------------------------------------------------------------------+-----------------+
| sentence                                                                                                                                                                                                                                                                                                                              | symbol          |
+---------------------------------------------------------------------------------------------------------------------------------------------------------------------------------------------------------------------------------------------------------------------------------------------------------------------------------------+-----------------+
|  - Iran-European Union relations: The European Union adopts an embargo against Iran in protest of that nation's continued effort to enrich uranium.:(10,157)                                                                                                                                                                          |  - :(10,13)     |
|  - The Diamond Jubilee of Queen Elizabeth II marks the 60th anniversary of her accession to the thrones of the United Kingdom, Canada, Australia, and New Zealand, and the 60th anniversary of her becoming Head of the Commonwealth.:(169,398)                                                                                       |  - :(169,172)   |
|  - Iran suspends oil exports to Britain and France, following sanctions put in place by the European Union and the United States in January.:(411,551)                                                                                                                                                                                |  - :(411,414)   |
|  - Iran suspends oil exports to Britain and France, following sanctions put in place by the European Union and the United States in January.  February 21 - Greek government-debt crisis: Eurozone finance ministers reach an agreement on a second, $130-billion Greek bailout.:(411,683)                                            |  - :(411,414)   |
|  - Greek government-debt crisis: Eurozone finance ministers reach an agreement on a second, $130-billion Greek bailout.:(564,683)                                                                                                                                                                                                     |  - :(564,567)   |
|  - Arab Spring: As a result of continuing protests, Yemeni President Ali Abdullah Saleh is succeeded by his Vice President Abd Rabbuh Mansur Hadi.:(696,842)                                                                                                                                                                          |  - :(696,699)   |
|  - A series of explosions are reported at a munitions dump in Brazzaville, the capital of the Republic of the Congo, with at least 250 people dead.:(851,998)                                                                                                                                                                         |  - :(851,854)   |
|  - A series of explosions are reported at a munitions dump in Brazzaville, the capital of the Republic of the Congo, with at least 250 people dead.  March 13 - After 244 years since its first publication, the Encyclopadia Britannica discontinues its print edition.:(851,1115)                                                   |  - :(851,854)   |
|  - After 244 years since its first publication, the Encyclopadia Britannica discontinues its print edition.:(1008,1115)                                                                                                                                                                                                               |  - :(1008,1011) |
|  - After 244 years since its first publication, the Encyclopadia Britannica discontinues its print edition.  March 22 - The President of Mali, Amadou Toumani Toure, is ousted in a coup d'etat after mutinous soldiers attack government offices.:(1008,1250)                                                                        |  - :(1008,1011) |
|  - The President of Mali, Amadou Toumani Toure, is ousted in a coup d'etat after mutinous soldiers attack government offices.:(1125,1250)                                                                                                                                                                                             |  - :(1125,1128) |
|  - The President of Mali, Amadou Toumani Toure, is ousted in a coup d'etat after mutinous soldiers attack government offices.  April 6 - The National Movement for the Liberation of Azawad unilaterally declares the independence of Azawad from Mali.:(1125,1372)                                                                   |  - :(1125,1128) |
|  - The National Movement for the Liberation of Azawad unilaterally declares the independence of Azawad from Mali.:(1259,1372)                                                                                                                                                                                                         |  - :(1259,1262) |
|  - The National Movement for the Liberation of Azawad unilaterally declares the independence of Azawad from Mali.  April 12 - Mutinous soldiers in Guinea-Bissau stage a coup d'etat and take control of the capital city, Bissau.:(1259,1485)                                                                                        |  - :(1259,1262) |
|  - Mutinous soldiers in Guinea-Bissau stage a coup d'etat and take control of the capital city, Bissau.:(1382,1485)                                                                                                                                                                                                                   |  - :(1382,1385) |
|  - Mutinous soldiers in Guinea-Bissau stage a coup d'etat and take control of the capital city, Bissau. They arrest interim President Raimundo Pereira and leading presidential candidate Carlos Gomes Junior in the midst of a presidential election campaign.:(1382,1637)                                                           |  - :(1382,1385) |
|  - Kwangmyongsong-3, a North Korean Earth observation satellite, explodes shortly after launch.:(1647,1742)                                                                                                                                                                                                                           |  - :(1647,1650) |
|  - Kwangmyongsong-3, a North Korean Earth observation satellite, explodes shortly after launch. The United States and other countries had called the impending launch a violation of United Nations Security Council demands.:(1647,1868)                                                                                             |  - :(1647,1650) |
|  - Former Liberian President Charles Taylor is found guilty on 11 counts of aiding and abetting war crimes and crimes against humanity during the Sierra Leone Civil War.:(1985,2154)                                                                                                                                                 |  - :(1985,1988) |
|  - A pastel version of The Scream, by the Norwegian painter Edvard Munch, sells for US$120 million in a New York City auction, setting a new world record for an auctioned work of art.:(2161,2344)                                                                                                                                   |  - :(2161,2164) |
|  - The 2012 World Expo takes place in Yeosu, South Korea.:(2352,2409)                                                                                                                                                                                                                                                                 |  - :(2352,2355) |
|  - The 2012 World Expo takes place in Yeosu, South Korea.  May 22 - Tokyo Skytree, the tallest self-supporting tower in the world at 634 metres high, is opened to the public.:(2352,2526)                                                                                                                                            |  - :(2352,2355) |
|  - Tokyo Skytree, the tallest self-supporting tower in the world at 634 metres high, is opened to the public.:(2417,2526)                                                                                                                                                                                                             |  - :(2417,2420) |
|  - Tokyo Skytree, the tallest self-supporting tower in the world at 634 metres high, is opened to the public.  June 5-6 - The century's second and last solar transit of Venus occurs.:(2417,2599)                                                                                                                                    |  - :(2417,2420) |
|  - The century's second and last solar transit of Venus occurs.:(2536,2599)                                                                                                                                                                                                                                                           |  - :(2536,2539) |
|  - The century's second and last solar transit of Venus occurs. The next pair are predicted to occur in 2117 and 2125.:(2536,2654)                                                                                                                                                                                                    |  - :(2536,2539) |
|  - Shenzhou 9, a Chinese spacecraft carrying three Chinese astronauts, including the first-ever female, docks manually with orbiting module Tiangong-1, making them the third country, after the United States and Russia, to successfully perform the mission.:(2663,2918)                                                           |  - :(2663,2666) |
|  - Lonesome George, the last known individual of the Pinta Island tortoise subspecies, dies in Galapagos National Park, thus making the subspecies extinct.:(2927,3082)                                                                                                                                                               |  - :(2927,2930) |
|  - CERN announces the discovery of a new particle with properties consistent with the Higgs boson after experiments at the Large Hadron Collider.:(3090,3235)                                                                                                                                                                         |  - :(3090,3093) |
|  - CERN announces the discovery of a new particle with properties consistent with the Higgs boson after experiments at the Large Hadron Collider.  July 27 - The 2012 Summer Olympics are held in London, England, United Kingdom.:(3090,3316)                                                                                        |  - :(3090,3093) |
|  - The 2012 Summer Olympics are held in London, England, United Kingdom.:(3244,3316)                                                                                                                                                                                                                                                  |  - :(3244,3247) |
|  - The 2012 Summer Olympics are held in London, England, United Kingdom.  July 30-31 - In the worst power outage in world history, the 2012 India blackouts leave 620 million people without power.:(3244,3439)                                                                                                                       |  - :(3244,3247) |
|  - In the worst power outage in world history, the 2012 India blackouts leave 620 million people without power.:(3328,3439)                                                                                                                                                                                                           |  - :(3328,3331) |
|  - In the worst power outage in world history, the 2012 India blackouts leave 620 million people without power.  August 6 - Curiosity, the Mars Science Laboratory mission's rover, successfully lands on Mars.:(3328,3535)                                                                                                           |  - :(3328,3331) |
|  - Curiosity, the Mars Science Laboratory mission's rover, successfully lands on Mars.:(3449,3535)                                                                                                                                                                                                                                    |  - :(3449,3452) |
|  - Curiosity, the Mars Science Laboratory mission's rover, successfully lands on Mars.  August 31 - Researchers successfully perform the first implantation of an early prototype bionic eye with 24 electrodes.:(3449,3657)                                                                                                          |  - :(3449,3452) |
|  - Researchers successfully perform the first implantation of an early prototype bionic eye with 24 electrodes.:(3546,3657)                                                                                                                                                                                                           |  - :(3546,3549) |
|  - Researchers successfully perform the first implantation of an early prototype bionic eye with 24 electrodes. Armenia severs diplomatic relations with Hungary, following the extradition to Azerbaijan and subsequent pardoning of Ramil Safarov, who was convicted of killing an Armenian soldier in Hungary in 2004.:(3546,3859) |  - :(3546,3549) |
|  - Canada officially cuts diplomatic ties with Iran by closing its embassy in Tehran, and orders the expulsion of Iranian diplomats from Ottawa, over support for Syria, nuclear plans and human rights abuses.:(3937,4144)                                                                                                           |  - :(3937,3940) |
|  - A series of terrorist attacks are directed against United States diplomatic missions worldwide, as well as diplomatic missions of Germany, Switzerland and the United Kingdom.:(4161,4338)                                                                                                                                         |  - :(4161,4164) |
|  - Austrian skydiver Felix Baumgartner becomes the first person to break the sound barrier without any machine assistance during a record space dive out of the Red Bull Stratos helium-filled balloon from 24 miles (39 kilometers) over Roswell, New Mexico in the United States.:(4544,4819)                                       |  - :(4544,4547) |
|  - Seven paintings worth $25 million are stolen from the Kunsthal in Rotterdam, the Netherlands.:(4831,4927)                                                                                                                                                                                                                          |  - :(4831,4834) |
|  - Seven paintings worth $25 million are stolen from the Kunsthal in Rotterdam, the Netherlands.  October 24-30 - Hurricane Sandy kills at least 209 people in the Caribbean, Bahamas, United States and Canada.:(4831,5039)                                                                                                          |  - :(4831,4834) |
|  - Hurricane Sandy kills at least 209 people in the Caribbean, Bahamas, United States and Canada.:(4942,5039)                                                                                                                                                                                                                         |  - :(4942,4945) |
|  - Hurricane Sandy kills at least 209 people in the Caribbean, Bahamas, United States and Canada. Considerable storm surge damage causes major disruption to the eastern seaboard of the United States.:(4942,5141)                                                                                                                   |  - :(4942,4945) |
|  - Israel launches Operation Pillar of Defense against the Palestinian-governed Gaza Strip, killing Hamas military chief Ahmed Jabari.:(5157,5291)                                                                                                                                                                                    |  - :(5157,5160) |
|  - Israel launches Operation Pillar of Defense against the Palestinian-governed Gaza Strip, killing Hamas military chief Ahmed Jabari. In the following week 140 Palestinians and five Israelis are killed in an ensuing cycle of violence.:(5157,5392)                                                                               |  - :(5157,5160) |
|  - Typhoon Bopha, known as "Pablo" in the Philippines, kills at least 1,067 with around 838 people still missing.:(5629,5742)                                                                                                                                                                                                         |  - :(5629,5632) |
|  - Typhoon Bopha, known as "Pablo" in the Philippines, kills at least 1,067 with around 838 people still missing. The typhoon causes considerable damage in the island of Mindanao.:(5629,5808)                                                                                                                                       |  - :(5629,5632) |
|  - The UN General Assembly approves a motion granting Palestine non-member observer state status.:(5821,5918)                                                                                                                                                                                                                         |  - :(5821,5824) |
|  - The UN General Assembly approves a motion granting Palestine non-member observer state status.  December 8 - In Qatar, the UN Climate Change Conference agrees to extend the Kyoto Protocol until 2020.:(5821,6023)                                                                                                                |  - :(5821,5824) |
|  - In Qatar, the UN Climate Change Conference agrees to extend the Kyoto Protocol until 2020.:(5930,6023)                                                                                                                                                                                                                             |  - :(5930,5933) |
+---------------------------------------------------------------------------------------------------------------------------------------------------------------------------------------------------------------------------------------------------------------------------------------------------------------------------------------+-----------------+
52 rows in set

View: ShortContent
+-----------------------------------+
| content                           |
+-----------------------------------+
|  - Iran-European :(10,27)         |
|  - The :(169,176)                 |
|  - Iran :(411,419)                |
|  - Greek :(564,573)               |
|  - Arab :(696,704)                |
|  - A :(851,856)                   |
|  - After :(1008,1017)             |
|  - The :(1125,1132)               |
|  - The :(1259,1266)               |
|  - Mutinous :(1382,1394)          |
|  - Kwangmyongsong-3, :(1647,1668) |
|  - Former :(1985,1995)            |
|  - A :(2161,2166)                 |
|  - The :(2352,2359)               |
|  - Tokyo :(2417,2426)             |
|  - The :(2536,2543)               |
|  - Shenzhou :(2663,2675)          |
|  - Lonesome :(2927,2939)          |
|  - CERN :(3090,3098)              |
|  - The :(3244,3251)               |
|  - In :(3328,3334)                |
|  - Curiosity, :(3449,3463)        |
|  - Researchers :(3546,3561)       |
|  - Canada :(3937,3947)            |
|  - A :(4161,4166)                 |
|  - Austrian :(4544,4556)          |
|  - Seven :(4831,4840)             |
|  - Hurricane :(4942,4955)         |
|  - Israel :(5157,5167)            |
|  - Typhoon :(5629,5640)           |
|  - The :(5821,5828)               |
|  - In :(5930,5936)                |
+-----------------------------------+
32 rows in set

View: Event
+-----------------------------------+-----------------------------+-------------------+-------------------------------------------+-----------------------+
| content                           | date                        | day               | event                                     | month                 |
+-----------------------------------+-----------------------------+-------------------+-------------------------------------------+-----------------------+
|  - Iran-European :(10,27)         | January 23:(0,10)           | 23:(8,10)         | January 23 - Iran-European :(0,27)        | January:(0,7)         |
|  - The :(169,176)                 | February 6:(159,169)        | 6:(168,169)       | February 6 - The :(159,176)               | February:(159,167)    |
|  - Iran :(411,419)                | February 19:(400,411)       | 19:(409,411)      | February 19 - Iran :(400,419)             | February:(400,408)    |
|  - Greek :(564,573)               | February 21:(553,564)       | 21:(562,564)      | February 21 - Greek :(553,573)            | February:(553,561)    |
|  - Arab :(696,704)                | February 27:(685,696)       | 27:(694,696)      | February 27 - Arab :(685,704)             | February:(685,693)    |
|  - A :(851,856)                   | March 4:(844,851)           | 4:(850,851)       | March 4 - A :(844,856)                    | March:(844,849)       |
|  - After :(1008,1017)             | March 13:(1000,1008)        | 13:(1006,1008)    | March 13 - After :(1000,1017)             | March:(1000,1005)     |
|  - The :(1125,1132)               | March 22:(1117,1125)        | 22:(1123,1125)    | March 22 - The :(1117,1132)               | March:(1117,1122)     |
|  - The :(1259,1266)               | April 6:(1252,1259)         | 6:(1258,1259)     | April 6 - The :(1252,1266)                | April:(1252,1257)     |
|  - Mutinous :(1382,1394)          | April 12:(1374,1382)        | 12:(1380,1382)    | April 12 - Mutinous :(1374,1394)          | April:(1374,1379)     |
|  - Kwangmyongsong-3, :(1647,1668) | April 13:(1639,1647)        | 13:(1645,1647)    | April 13 - Kwangmyongsong-3, :(1639,1668) | April:(1639,1644)     |
|  - Former :(1985,1995)            | April 26:(1977,1985)        | 26:(1983,1985)    | April 26 - Former :(1977,1995)            | April:(1977,1982)     |
|  - A :(2161,2166)                 | May 2:(2156,2161)           | 2:(2160,2161)     | May 2 - A :(2156,2166)                    | May:(2156,2159)       |
|  - The :(2352,2359)               | May 12:(2346,2352)          | 12:(2350,2352)    | May 12 - The :(2346,2359)                 | May:(2346,2349)       |
|  - Tokyo :(2417,2426)             | May 22:(2411,2417)          | 22:(2415,2417)    | May 22 - Tokyo :(2411,2426)               | May:(2411,2414)       |
|  - The :(2536,2543)               | June 5-6:(2528,2536)        | 5-6:(2533,2536)   | June 5-6 - The :(2528,2543)               | June:(2528,2532)      |
|  - Shenzhou :(2663,2675)          | June 18:(2656,2663)         | 18:(2661,2663)    | June 18 - Shenzhou :(2656,2675)           | June:(2656,2660)      |
|  - Lonesome :(2927,2939)          | June 24:(2920,2927)         | 24:(2925,2927)    | June 24 - Lonesome :(2920,2939)           | June:(2920,2924)      |
|  - CERN :(3090,3098)              | July 4:(3084,3090)          | 4:(3089,3090)     | July 4 - CERN :(3084,3098)                | July:(3084,3088)      |
|  - The :(3244,3251)               | July 27:(3237,3244)         | 27:(3242,3244)    | July 27 - The :(3237,3251)                | July:(3237,3241)      |
|  - In :(3328,3334)                | July 30-31:(3318,3328)      | 30-31:(3323,3328) | July 30-31 - In :(3318,3334)              | July:(3318,3322)      |
|  - Curiosity, :(3449,3463)        | August 6:(3441,3449)        | 6:(3448,3449)     | August 6 - Curiosity, :(3441,3463)        | August:(3441,3447)    |
|  - Researchers :(3546,3561)       | August 31:(3537,3546)       | 31:(3544,3546)    | August 31 - Researchers :(3537,3561)      | August:(3537,3543)    |
|  - Canada :(3937,3947)            | September 7:(3926,3937)     | 7:(3936,3937)     | September 7 - Canada :(3926,3947)         | September:(3926,3935) |
|  - A :(4161,4166)                 | September 11-27:(4146,4161) | 11-27:(4156,4161) | September 11-27 - A :(4146,4166)          | September:(4146,4155) |
|  - Austrian :(4544,4556)          | October 14:(4534,4544)      | 14:(4542,4544)    | October 14 - Austrian :(4534,4556)        | October:(4534,4541)   |
|  - Seven :(4831,4840)             | October 16:(4821,4831)      | 16:(4829,4831)    | October 16 - Seven :(4821,4840)           | October:(4821,4828)   |
|  - Hurricane :(4942,4955)         | October 24-30:(4929,4942)   | 24-30:(4937,4942) | October 24-30 - Hurricane :(4929,4955)    | October:(4929,4936)   |
|  - Israel :(5157,5167)            | November 14-21:(5143,5157)  | 14-21:(5152,5157) | November 14-21 - Israel :(5143,5167)      | November:(5143,5151)  |
|  - Typhoon :(5629,5640)           | November 25:(5618,5629)     | 25:(5627,5629)    | November 25 - Typhoon :(5618,5640)        | November:(5618,5626)  |
|  - The :(5821,5828)               | November 29:(5810,5821)     | 29:(5819,5821)    | November 29 - The :(5810,5828)            | November:(5810,5818)  |
|  - In :(5930,5936)                | December 8:(5920,5930)      | 8:(5929,5930)     | December 8 - In :(5920,5936)              | December:(5920,5928)  |
+-----------------------------------+-----------------------------+-------------------+-------------------------------------------+-----------------------+
32 rows in set

View: DateOnly
+-----------------------------+
| date                        |
+-----------------------------+
| January 23:(0,10)           |
| February 6:(159,169)        |
| February 19:(400,411)       |
| February 21:(553,564)       |
| February 27:(685,696)       |
| March 4:(844,851)           |
| March 13:(1000,1008)        |
| March 22:(1117,1125)        |
| April 6:(1252,1259)         |
| April 12:(1374,1382)        |
| April 13:(1639,1647)        |
| April 26:(1977,1985)        |
| May 2:(2156,2161)           |
| May 12:(2346,2352)          |
| May 22:(2411,2417)          |
| June 5-6:(2528,2536)        |
| June 18:(2656,2663)         |
| June 24:(2920,2927)         |
| July 4:(3084,3090)          |
| July 27:(3237,3244)         |
| July 30-31:(3318,3328)      |
| August 6:(3441,3449)        |
| August 31:(3537,3546)       |
| September 7:(3926,3937)     |
| September 11-27:(4146,4161) |
| October 14:(4534,4544)      |
| October 16:(4821,4831)      |
| October 24-30:(4929,4942)   |
| November 14-21:(5143,5157)  |
| November 25:(5618,5629)     |
| November 29:(5810,5821)     |
| December 8:(5920,5930)      |
+-----------------------------+
32 rows in set

